<?xml version="1.0" encoding="UTF-8"?>
<!-- Generated by org.testng.reporters.JUnitReportReporter -->
<testsuite hostname="Tims-MacBook-Pro.local" name="storm.starter.bolt.IntermediateRankingsBoltTest" tests="22" failures="0" timestamp="29 Jun 2013 10:55:06 GMT" time="0.234" errors="0">
  <testcase name="negativeOrZeroEmitFrequencyShouldThrowIAE" time="0.000" classname="storm.starter.bolt.IntermediateRankingsBoltTest"/>
  <testcase name="positiveEmitFrequencyShouldBeOk" time="0.000" classname="storm.starter.bolt.IntermediateRankingsBoltTest"/>
  <testcase name="negativeOrZeroEmitFrequencyShouldThrowIAE" time="0.000" classname="storm.starter.bolt.IntermediateRankingsBoltTest"/>
  <testcase name="shouldDeclareOutputFields" time="0.124" classname="storm.starter.bolt.IntermediateRankingsBoltTest"/>
  <testcase name="positiveEmitFrequencyShouldBeOk" time="0.000" classname="storm.starter.bolt.IntermediateRankingsBoltTest"/>
  <testcase name="negativeOrZeroEmitFrequencyShouldThrowIAE" time="0.052" classname="storm.starter.bolt.IntermediateRankingsBoltTest"/>
  <testcase name="negativeOrZeroEmitFrequencyShouldThrowIAE" time="0.000" classname="storm.starter.bolt.IntermediateRankingsBoltTest"/>
  <testcase name="negativeOrZeroTopNShouldThrowIAE" time="0.000" classname="storm.starter.bolt.IntermediateRankingsBoltTest"/>
  <testcase name="negativeOrZeroTopNShouldThrowIAE" time="0.000" classname="storm.starter.bolt.IntermediateRankingsBoltTest"/>
  <testcase name="shouldEmitSomethingIfTickTupleIsReceived" time="0.003" classname="storm.starter.bolt.IntermediateRankingsBoltTest"/>
  <testcase name="negativeOrZeroEmitFrequencyShouldThrowIAE" time="0.000" classname="storm.starter.bolt.IntermediateRankingsBoltTest"/>
  <testcase name="positiveTopNShouldBeOk" time="0.000" classname="storm.starter.bolt.IntermediateRankingsBoltTest"/>
  <testcase name="negativeOrZeroTopNShouldThrowIAE" time="0.000" classname="storm.starter.bolt.IntermediateRankingsBoltTest"/>
  <testcase name="positiveTopNShouldBeOk" time="0.000" classname="storm.starter.bolt.IntermediateRankingsBoltTest"/>
  <testcase name="negativeOrZeroTopNShouldThrowIAE" time="0.000" classname="storm.starter.bolt.IntermediateRankingsBoltTest"/>
  <testcase name="positiveEmitFrequencyShouldBeOk" time="0.003" classname="storm.starter.bolt.IntermediateRankingsBoltTest"/>
  <testcase name="positiveTopNShouldBeOk" time="0.000" classname="storm.starter.bolt.IntermediateRankingsBoltTest"/>
  <testcase name="negativeOrZeroTopNShouldThrowIAE" time="0.000" classname="storm.starter.bolt.IntermediateRankingsBoltTest"/>
  <testcase name="positiveTopNShouldBeOk" time="0.000" classname="storm.starter.bolt.IntermediateRankingsBoltTest"/>
  <testcase name="positiveEmitFrequencyShouldBeOk" time="0.001" classname="storm.starter.bolt.IntermediateRankingsBoltTest"/>
  <testcase name="shouldEmitNothingIfNormalTupleIsReceived" time="0.038" classname="storm.starter.bolt.IntermediateRankingsBoltTest"/>
  <testcase name="shouldSetTickTupleFrequencyInComponentConfigurationToNonZeroValue" time="0.013" classname="storm.starter.bolt.IntermediateRankingsBoltTest"/>
</testsuite> <!-- storm.starter.bolt.IntermediateRankingsBoltTest -->
