<?xml version="1.0" encoding="UTF-8"?>
<!-- Generated by org.testng.reporters.JUnitReportReporter -->
<testsuite hostname="Tims-MacBook-Pro.local" name="storm.starter.bolt.RollingCountBoltTest" tests="4" failures="0" timestamp="29 Jun 2013 10:55:06 GMT" time="0.040" errors="0">
  <testcase name="shouldSetTickTupleFrequencyInComponentConfigurationToNonZeroValue" time="0.000" classname="storm.starter.bolt.RollingCountBoltTest"/>
  <testcase name="shouldDeclareOutputFields" time="0.003" classname="storm.starter.bolt.RollingCountBoltTest"/>
  <testcase name="shouldEmitNothingIfNoObjectHasBeenCountedYetAndTickTupleIsReceived" time="0.035" classname="storm.starter.bolt.RollingCountBoltTest"/>
  <testcase name="shouldEmitSomethingIfAtLeastOneObjectWasCountedAndTickTupleIsReceived" time="0.002" classname="storm.starter.bolt.RollingCountBoltTest"/>
</testsuite> <!-- storm.starter.bolt.RollingCountBoltTest -->
